make all --print-data-base --no-builtin-variables --no-builtin-rules --question
# GNU Make 3.81
# Copyright (C) 2006  Free Software Foundation, Inc.
# This is free software; see the source for copying conditions.
# There is NO warranty; not even for MERCHANTABILITY or FITNESS FOR A
# PARTICULAR PURPOSE.

# This program built for i386-apple-darwin11.3.0
 

# Make data base, printed on Mon Jul 18 11:23:59 2022

# Variables

# automatic
<D = $(patsubst %/,%,$(dir $<))
# automatic
?F = $(notdir $?)
# environment
VSCODE_LOG_NATIVE = false
# automatic
?D = $(patsubst %/,%,$(dir $?))
# automatic
@D = $(patsubst %/,%,$(dir $@))
# automatic
@F = $(notdir $@)
# makefile
CURDIR := /Users/colin/Documents/Subject/Subject/42cursus/so_long_last
# makefile
SHELL = /bin/sh
# environment
VSCODE_NLS_CONFIG = {"locale":"ko","availableLanguages":{"*":"ko"},"_languagePackId":"58a40381a39144f7263b92e8e429f874.ko","_translationsConfigFile":"/Users/colin/Library/Application Support/Code/clp/58a40381a39144f7263b92e8e429f874.ko/tcf.json","_cacheRoot":"/Users/colin/Library/Application Support/Code/clp/58a40381a39144f7263b92e8e429f874.ko","_resolvedLanguagePackCoreLocation":"/Users/colin/Library/Application Support/Code/clp/58a40381a39144f7263b92e8e429f874.ko/7db1a2b88f7557e0a43fec75b6ba7e50b3e9f77e","_corruptedFile":"/Users/colin/Library/Application Support/Code/clp/58a40381a39144f7263b92e8e429f874.ko/corrupted.info","_languagePackSupport":true}
# environment
_ = /usr/bin/make
# makefile (from `Makefile', line 1)
MAKEFILE_LIST :=  Makefile
# environment
VSCODE_VERBOSE_LOGGING = true
# environment
__CFBundleIdentifier = com.microsoft.VSCode
# environment
INFOPATH = /opt/homebrew/share/info:
# environment
VSCODE_IPC_HOOK_EXTHOST = /var/folders/r_/2rxyw_3s2z76jq43jwg2f_j80000gn/T/vscode-ipc-1daee59b-a3d0-4db0-82dc-f9559659a3b8.sock
# environment
VSCODE_CWD = /
# environment
PATH = /opt/homebrew/bin:/opt/homebrew/sbin:/usr/local/bin:/usr/bin:/bin:/usr/sbin:/sbin:/Library/Frameworks/Mono.framework/Versions/Current/Commands
# environment
LSCOLORS = Gxfxcxdxbxegedabagacad
# environment
VSCODE_LOG_STACK = false
# environment
ELECTRON_RUN_AS_NODE = 1
# default
.FEATURES := target-specific order-only second-expansion else-if archives jobserver check-symlink
# environment
SSH_AUTH_SOCK = /private/tmp/com.apple.launchd.kiYMmtRNBG/Listeners
# automatic
%F = $(notdir $%)
# environment
VSCODE_PIPE_LOGGING = true
# makefile (from `Makefile', line 30)
OBJS = $(SRCS:.c=.o)
# environment
PWD = /Users/colin/Documents/Subject/Subject/42cursus/so_long_last
# environment
HOMEBREW_CELLAR = /opt/homebrew/Cellar
# environment
ORIGINAL_XDG_CURRENT_DESKTOP = undefined
# environment
MANPATH = /opt/homebrew/share/man::
# environment
VSCODE_AMD_ENTRYPOINT = vs/workbench/services/extensions/node/extensionHostProcess
# environment
HOME = /Users/colin
# default
MAKEFILEPATH = $(shell /usr/bin/xcode-select -print-path 2>/dev/null || echo /Developer)/Makefiles
# environment
VSCODE_CODE_CACHE_PATH = /Users/colin/Library/Application Support/Code/CachedData/7db1a2b88f7557e0a43fec75b6ba7e50b3e9f77e
# environment
LOGNAME = colin
# environment
APPLICATION_INSIGHTS_NO_DIAGNOSTIC_CHANNEL = true
# environment
ZSH = /Users/colin/.oh-my-zsh
# makefile (from `Makefile', line 28)
CFLAG = -Wall -Wextra -Werror
# environment
VSCODE_HANDLES_UNCAUGHT_ERRORS = true
# automatic
^D = $(patsubst %/,%,$(dir $^))
# environment
XPC_FLAGS = 0x0
# default
MAKE = $(MAKE_COMMAND)
# default
MAKECMDGOALS := all
# makefile (from `Makefile', line 13)
SRCS = main.c util.c event.c check_map.c check_object.c draw.c ft_split.c ft_strjoin.c game.c image.c map.c object.c util.c
# environment
SHLVL = 1
# makefile (from `Makefile', line 27)
CC = cc
# default
MAKE_VERSION := 3.81
# environment
USER = colin
# makefile
.DEFAULT_GOAL := all
# makefile (from `Makefile', line 31)
NAME = so_long
# environment
LESS = -R
# automatic
%D = $(patsubst %/,%,$(dir $%))
# default
MAKE_COMMAND := /Library/Developer/CommandLineTools/usr/bin/make
# default
.VARIABLES := 
# environment
TMPDIR = /var/folders/r_/2rxyw_3s2z76jq43jwg2f_j80000gn/T/
# automatic
*F = $(notdir $*)
# environment
VSCODE_IPC_HOOK = /Users/colin/Library/Application Support/Code/1.63.0-main.sock
# makefile
MAKEFLAGS = Rrqp
# environment
MFLAGS = -Rrqp
# automatic
*D = $(patsubst %/,%,$(dir $*))
# environment
XPC_SERVICE_NAME = application.com.microsoft.VSCode.2911604.2911610
# environment
HOMEBREW_PREFIX = /opt/homebrew
# automatic
+D = $(patsubst %/,%,$(dir $+))
# automatic
+F = $(notdir $+)
# environment
HOMEBREW_REPOSITORY = /opt/homebrew
# environment
__CF_USER_TEXT_ENCODING = 0x1F5:0x3:0x33
# environment
COMMAND_MODE = unix2003
# default
MAKEFILES := 
# automatic
<F = $(notdir $<)
# makefile (from `Makefile', line 29)
FRAMEWORK = -framework OpenGL -framework AppKit
# environment
PAGER = less
# environment
LC_ALL = C
# automatic
^F = $(notdir $^)
# default
SUFFIXES := 
# default
.INCLUDE_DIRS = /usr/local/include
# environment
MAKELEVEL := 0
# environment
LANG = C
# environment
VSCODE_PID = 2343
# variable set hash-table stats:
# Load=77/1024=8%, Rehash=0, Collisions=5/109=5%

# Pattern-specific Variable Values

# No pattern-specific variable values.

# Directories

# . (device 16777229, inode 35847861): 27 files, no impossibilities.

# 27 files, no impossibilities in 1 directories.

# Implicit Rules

%.o: %.c
#  commands to execute (from `Makefile', line 40):
	$(CC) $(CFLAG) -c -o $@ $<
	

 
# 1 implicit rules, 0 (0.0%) terminal.

# Files

all: so_long
#  Phony target (prerequisite of .PHONY).
#  Command-line target.
#  Implicit rule search has not been done.
#  File does not exist.
#  File has been updated.
#  Needs to be updated (-q is set).
# variable set hash-table stats:
# Load=0/32=0%, Rehash=0, Collisions=0/4=0%

.PHONY: clean fclean re all
#  Implicit rule search has not been done.
#  Modification time never checked.
#  File has not been updated.

# Not a target:
main.c:
#  Implicit rule search has been done.
#  Last modified 2022-07-18 03:26:28
#  File has been updated.
#  Successfully updated.
# variable set hash-table stats:
# Load=0/32=0%, Rehash=0, Collisions=0/0=0%

# Not a target:
object.o:
#  Implicit rule search has not been done.
#  Modification time never checked.
#  File has not been updated.

# Not a target:
ft_strjoin.o:
#  Implicit rule search has not been done.
#  Modification time never checked.
#  File has not been updated.

# Not a target:
ft_split.o:
#  Implicit rule search has not been done.
#  Modification time never checked.
#  File has not been updated.

# Not a target:
check_map.o:
#  Implicit rule search has not been done.
#  Modification time never checked.
#  File has not been updated.

# Not a target:
.SUFFIXES:
#  Implicit rule search has not been done.
#  Modification time never checked.
#  File has not been updated.

# Not a target:
Makefile:
#  Implicit rule search has been done.
#  Last modified 2022-07-18 03:34:58
#  File has been updated.
#  Successfully updated.
# variable set hash-table stats:
# Load=0/32=0%, Rehash=0, Collisions=0/0=0%

# Not a target:
map.o:
#  Implicit rule search has not been done.
#  Modification time never checked.
#  File has not been updated.

fclean:
#  Phony target (prerequisite of .PHONY).
#  Implicit rule search has not been done.
#  File does not exist.
#  File has not been updated.
#  commands to execute (from `Makefile', line 47):
	rm -f $(OBJS)
	rm -f $(NAME)
	@make -C mlx fclean
	

# Not a target:
.DEFAULT:
#  Implicit rule search has not been done.
#  Modification time never checked.
#  File has not been updated.

re: fclean all
#  Phony target (prerequisite of .PHONY).
#  Implicit rule search has not been done.
#  File does not exist.
#  File has not been updated.

# Not a target:
image.o:
#  Implicit rule search has not been done.
#  Modification time never checked.
#  File has not been updated.

clean:
#  Phony target (prerequisite of .PHONY).
#  Implicit rule search has not been done.
#  File does not exist.
#  File has not been updated.
#  commands to execute (from `Makefile', line 43):
	rm -f $(OBJS)
	@make -C mlx clean
	

# Not a target:
game.o:
#  Implicit rule search has not been done.
#  Modification time never checked.
#  File has not been updated.

main.o: main.c
#  Implicit rule search has been done.
#  Implicit/static pattern stem: `main'
#  File does not exist.
#  File has been updated.
#  Needs to be updated (-q is set).
# automatic
# @ := main.o
# automatic
# % := 
# automatic
# * := main
# automatic
# + := main.c
# automatic
# | := 
# automatic
# < := main.c
# automatic
# ^ := main.c
# automatic
# ? := main.c
# variable set hash-table stats:
# Load=8/32=25%, Rehash=0, Collisions=3/14=21%
#  commands to execute (from `Makefile', line 40):
	$(CC) $(CFLAG) -c -o $@ $<
	

# Not a target:
event.o:
#  Implicit rule search has not been done.
#  Modification time never checked.
#  File has not been updated.

# Not a target:
draw.o:
#  Implicit rule search has not been done.
#  Modification time never checked.
#  File has not been updated.

so_long: main.o util.o event.o check_map.o check_object.o draw.o ft_split.o ft_strjoin.o game.o image.o map.o object.o util.o
#  Implicit rule search has not been done.
#  File does not exist.
#  File has been updated.
#  Needs to be updated (-q is set).
# variable set hash-table stats:
# Load=0/32=0%, Rehash=0, Collisions=0/4=0%
#  commands to execute (from `Makefile', line 36):
	@make -C mlx
	$(CC) $(CFLAG) $(FRAMEWORK) -L./mlx -lmlx -o $@ $^
	

# Not a target:
util.o:
#  Implicit rule search has not been done.
#  Modification time never checked.
#  File has not been updated.

# Not a target:
check_object.o:
#  Implicit rule search has not been done.
#  Modification time never checked.
#  File has not been updated.

# files hash-table stats:
# Load=22/1024=2%, Rehash=0, Collisions=0/58=0%
# VPATH Search Paths

# No `vpath' search paths.

# No general (`VPATH' variable) search path.

# # of strings in strcache: 1
# # of strcache buffers: 1
# strcache size: total = 4096 / max = 4096 / min = 4096 / avg = 4096
# strcache free: total = 4087 / max = 4087 / min = 4087 / avg = 4087

# Finished Make data base on Mon Jul 18 11:23:59 2022

 
